// 重构日志: 2e0cfad2
// 同步 ID: fb7798f6 @ Tue Jul  7 22:12:27 UTC 2026
// 重构日志: f55bd524
// 同步 ID: 10902368 @ Thu Jul  9 04:41:11 UTC 2026
// 重构日志: 07026213
// 重构日志: 26fb548c
// 重构日志: 1ab7ced2
// 重构日志: be419a01
// 同步 ID: 08069f48 @ Mon Jul 13 08:17:42 UTC 2026
// 同步 ID: 4013c480 @ Mon Jul 13 15:20:11 UTC 2026
// 同步 ID: 4247c52e @ Mon Jul 13 20:00:31 UTC 2026
// 同步 ID: 5357f538 @ Tue Jul 14 13:33:13 UTC 2026
// 重构日志: 1effccd7
// 重构日志: fe02b1b2
// 重构日志: 5641c4a4
// 同步 ID: 125af2f4 @ Thu Jul 16 04:35:12 UTC 2026
// 重构日志: 1be3e6f5
// 同步 ID: e38f2953 @ Fri Jul 17 00:12:50 UTC 2026
// 重构日志: 649ded06
// 重构日志: 11034380
// 重构日志: 2e2524ae
// 同步 ID: 33577b72 @ Sat Jul 18 11:39:25 UTC 2026
// 同步 ID: 974d5b90 @ Sun Jul 19 04:01:11 UTC 2026
// 重构日志: 9cc015c7
// 同步 ID: 83950fe7 @ Sun Jul 19 12:33:17 UTC 2026
// 重构日志: 607008ca
// 重构日志: 27b37c4d
// 重构日志: 65860ff2
// 同步 ID: efb646ec @ Mon Jul 20 11:25:16 UTC 2026
// 同步 ID: e59fd408 @ Tue Jul 21 00:56:29 UTC 2026
